<?xml version="1.0" encoding="UTF-8"?>
<testsuite name="com.aor.numbers.ListAggregatorTest" tests="4" skipped="0" failures="0" errors="0" timestamp="2020-03-09T18:51:40" hostname="LAPTOP-BP71IC2E" time="0.008">
  <properties/>
  <testcase name="max" classname="com.aor.numbers.ListAggregatorTest" time="0.002"/>
  <testcase name="min" classname="com.aor.numbers.ListAggregatorTest" time="0.001"/>
  <testcase name="sum" classname="com.aor.numbers.ListAggregatorTest" time="0.001"/>
  <testcase name="distinct" classname="com.aor.numbers.ListAggregatorTest" time="0.002"/>
  <system-out><![CDATA[]]></system-out>
  <system-err><![CDATA[]]></system-err>
</testsuite>
